<?xml version="1.0" encoding="UTF-8"?>
<testng-results ignored="0" total="1" passed="0" failed="1" skipped="0">
  <reporter-output>
  </reporter-output>
  <suite started-at="2024-02-29T16:44:02 IST" name="Default suite" finished-at="2024-02-29T16:44:29 IST" duration-ms="27305">
    <groups>
      <group name="cucumber">
        <method signature="AbstractTestNGCucumberTests.runScenario(io.cucumber.testng.PickleWrapper,io.cucumber.testng.FeatureWrapper)[pri:0, instance:runners.myrunner@48f2bd5b]" name="runScenario" class="io.cucumber.testng.AbstractTestNGCucumberTests"/>
      </group> <!-- cucumber -->
    </groups>
    <test started-at="2024-02-29T16:44:02 IST" name="Default test" finished-at="2024-02-29T16:44:29 IST" duration-ms="27305">
      <class name="runners.myrunner">
        <test-method is-config="true" signature="setUpClass(org.testng.ITestContext)[pri:0, instance:runners.myrunner@48f2bd5b]" started-at="2024-02-29T16:44:02 IST" name="setUpClass" finished-at="2024-02-29T16:44:03 IST" duration-ms="1152" status="PASS">
          <params>
            <param index="0">
              <value>
                <![CDATA[org.testng.TestRunner@d76099a]]>
              </value>
            </param>
          </params>
          <reporter-output>
          </reporter-output>
        </test-method> <!-- setUpClass -->
        <test-method signature="runScenario(io.cucumber.testng.PickleWrapper,io.cucumber.testng.FeatureWrapper)[pri:0, instance:runners.myrunner@48f2bd5b]" started-at="2024-02-29T16:44:03 IST" name="runScenario" description="Runs Cucumber Scenarios" data-provider="scenarios" finished-at="2024-02-29T16:44:28 IST" duration-ms="24836" status="FAIL">
          <params>
            <param index="0">
              <value>
                <![CDATA["Testing Deposit into Account"]]>
              </value>
            </param>
            <param index="1">
              <value>
                <![CDATA["Testing dbankdemo Deposit into Account feature"]]>
              </value>
            </param>
          </params>
          <exception class="java.lang.AssertionError">
            <message>
              <![CDATA[Assert failed- Reading amount as 0 expected [true] but found [false]]]>
            </message>
            <full-stacktrace>
              <![CDATA[java.lang.AssertionError: Assert failed- Reading amount as 0 expected [true] but found [false]
at org.testng.Assert.fail(Assert.java:99)
at org.testng.Assert.failNotEquals(Assert.java:1037)
at org.testng.Assert.assertTrue(Assert.java:45)
at mystepdefs.Deposit_Step_def.validating_submit_button_with_amount_field_as_zero(Deposit_Step_def.java:72)
at âœ½.Validating Submit button with Amount field as zero(file:///C:/Users/hey1d/OneDrive/Desktop/learn/digitalbank/src/test/resources/features/all/deposits.feature:7)
]]>
            </full-stacktrace>
          </exception> <!-- java.lang.AssertionError -->
          <reporter-output>
          </reporter-output>
        </test-method> <!-- runScenario -->
        <test-method is-config="true" signature="tearDownClass()[pri:0, instance:runners.myrunner@48f2bd5b]" started-at="2024-02-29T16:44:28 IST" name="tearDownClass" finished-at="2024-02-29T16:44:29 IST" duration-ms="1283" status="PASS">
          <reporter-output>
          </reporter-output>
        </test-method> <!-- tearDownClass -->
      </class> <!-- runners.myrunner -->
    </test> <!-- Default test -->
  </suite> <!-- Default suite -->
</testng-results>
