<?xml version="1.0" encoding="UTF-8"?>
<!-- Generated by org.testng.reporters.JUnitReportReporter -->
<testsuite hostname="MSI" failures="1" tests="1" name="runners.myrunner" time="24.836" errors="0" timestamp="2024-02-29T16:44:29 IST" skipped="0">
  <testcase classname="runners.myrunner" name="runScenario" time="24.836">
    <failure message="Assert failed- Reading amount as 0 expected [true] but found [false]" type="java.lang.AssertionError">
      <![CDATA[java.lang.AssertionError: Assert failed- Reading amount as 0 expected [true] but found [false]
at org.testng.Assert.fail(Assert.java:99)
at org.testng.Assert.failNotEquals(Assert.java:1037)
at org.testng.Assert.assertTrue(Assert.java:45)
at mystepdefs.Deposit_Step_def.validating_submit_button_with_amount_field_as_zero(Deposit_Step_def.java:72)
at âœ½.Validating Submit button with Amount field as zero(file:///C:/Users/hey1d/OneDrive/Desktop/learn/digitalbank/src/test/resources/features/all/deposits.feature:7)
]]>
    </failure>
  </testcase> <!-- runScenario -->
  <system-out/>
</testsuite> <!-- runners.myrunner -->
